<?xml version="1.0" encoding="UTF-8" ?>
<testsuite tests="6" failures="0" name="com.apparel.service.DecisionEngineTest" time="0.008" errors="0" skipped="0">
  <properties>
    <property name="java.runtime.name" value="Java(TM) SE Runtime Environment"/>
    <property name="sun.boot.library.path" value="c:\Program Files\Java\jdk1.8.0_20\jre\bin"/>
    <property name="java.vm.version" value="25.20-b23"/>
    <property name="java.vm.vendor" value="Oracle Corporation"/>
    <property name="maven.multiModuleProjectDirectory" value="a:/workspaceEclipse/ApparelForWeather"/>
    <property name="java.vendor.url" value="http://java.oracle.com/"/>
    <property name="path.separator" value=";"/>
    <property name="guice.disable.misplaced.annotation.check" value="true"/>
    <property name="java.vm.name" value="Java HotSpot(TM) 64-Bit Server VM"/>
    <property name="file.encoding.pkg" value="sun.io"/>
    <property name="user.script" value=""/>
    <property name="user.country" value="US"/>
    <property name="sun.java.launcher" value="SUN_STANDARD"/>
    <property name="sun.os.patch.level" value=""/>
    <property name="java.vm.specification.name" value="Java Virtual Machine Specification"/>
    <property name="user.dir" value="a:\workspaceEclipse\ApparelForWeather"/>
    <property name="java.runtime.version" value="1.8.0_20-b26"/>
    <property name="java.awt.graphicsenv" value="sun.awt.Win32GraphicsEnvironment"/>
    <property name="java.endorsed.dirs" value="c:\Program Files\Java\jdk1.8.0_20\jre\lib\endorsed"/>
    <property name="os.arch" value="amd64"/>
    <property name="java.io.tmpdir" value="C:\Users\Shiva\AppData\Local\Temp\"/>
    <property name="line.separator" value="
"/>
    <property name="java.vm.specification.vendor" value="Oracle Corporation"/>
    <property name="user.variant" value=""/>
    <property name="os.name" value="Windows 8.1"/>
    <property name="classworlds.conf" value="c:/dev/apache-maven-3.3.9/bin/m2.conf"/>
    <property name="sun.jnu.encoding" value="Cp1252"/>
    <property name="java.library.path" value="c:\Program Files\Java\jdk1.8.0_20\bin;C:\Windows\Sun\Java\bin;C:\Windows\system32;C:\Windows;c:\Users\Shiva\bin;.;A:\Program Files (x86)\Git\local\bin;A:\Program Files (x86)\Git\mingw\bin;A:\Program Files (x86)\Git\bin;c:\ProgramData\Oracle\Java\javapath;c:\Program Files (x86)\Intel\iCLS Client\;c:\Program Files\Intel\iCLS Client\;c:\Windows\system32;c:\Windows;c:\Windows\System32\Wbem;c:\Windows\System32\WindowsPowerShell\v1.0\;c:\Program Files\Hewlett-Packard\SimplePass\;c:\Program Files\Intel\Intel(R) Management Engine Components\DAL;c:\Program Files\Intel\Intel(R) Management Engine Components\IPT;c:\Program Files (x86)\Intel\Intel(R) Management Engine Components\DAL;c:\Program Files (x86)\Intel\Intel(R) Management Engine Components\IPT;c:\Program Files (x86)\SMLNJ\bin\;a:\Program Files\nodejs\;c:\Windows\system32\config\systemprofile\.dnx\bin;c:\Program Files\Microsoft DNX\Dnvm\;c:\Program Files (x86)\Windows Kits\8.1\Windows Performance Toolkit\;c:\Program Files\Microsoft SQL Server\120\Tools\Binn\;c:\Program Files (x86)\Skype\Phone\;c:\Users\Shiva\AppData\Local\Programs\Python\Python35-32\Scripts\;c:\Users\Shiva\AppData\Local\Programs\Python\Python35-32\;c:\RailsInstaller\Git\cmd;c:\RailsInstaller\Ruby2.1.0\bin;c:\users\shiva\appdata\local\enthought\canopy\user\scripts;c:\Program Files (x86)\mingw-builds\x32-4.8.1-posix-dwarf-rev5\mingw32\bin;C\cygwin64\bin;c:\Program Files\Java\jdk1.8.0_20\bin;c:\Users\Shiva\AppData\Local\Enthought\Canopy\User;c:\Users\Shiva\AppData\Local\Enthought\Canopy\User\Scripts;c:\Users\Shiva\AppData\Roaming\npm;c:\Users\Shiva\AppData\Local\atom\bin;a:\gradle\gradle-2.2.1\bin;a:\eclipse\junit-4.10.jar;c:\myproject\classes\*.class;c:\myproject\lib\*.jar;c:\dev\apache-maven-3.3.9\bin;."/>
    <property name="java.specification.name" value="Java Platform API Specification"/>
    <property name="java.class.version" value="52.0"/>
    <property name="sun.management.compiler" value="HotSpot 64-Bit Tiered Compilers"/>
    <property name="os.version" value="6.3"/>
    <property name="user.home" value="C:\Users\Shiva"/>
    <property name="user.timezone" value="America/New_York"/>
    <property name="java.awt.printerjob" value="sun.awt.windows.WPrinterJob"/>
    <property name="java.specification.version" value="1.8"/>
    <property name="file.encoding" value="Cp1252"/>
    <property name="user.name" value="Shiva"/>
    <property name="java.class.path" value="c:/dev/apache-maven-3.3.9/boot/plexus-classworlds-2.5.2.jar"/>
    <property name="java.vm.specification.version" value="1.8"/>
    <property name="sun.arch.data.model" value="64"/>
    <property name="java.home" value="c:\Program Files\Java\jdk1.8.0_20\jre"/>
    <property name="sun.java.command" value="org.codehaus.plexus.classworlds.launcher.Launcher install"/>
    <property name="java.specification.vendor" value="Oracle Corporation"/>
    <property name="user.language" value="en"/>
    <property name="awt.toolkit" value="sun.awt.windows.WToolkit"/>
    <property name="java.vm.info" value="mixed mode"/>
    <property name="java.version" value="1.8.0_20"/>
    <property name="java.ext.dirs" value="c:\Program Files\Java\jdk1.8.0_20\jre\lib\ext;C:\Windows\Sun\Java\lib\ext"/>
    <property name="sun.boot.class.path" value="c:\Program Files\Java\jdk1.8.0_20\jre\lib\resources.jar;c:\Program Files\Java\jdk1.8.0_20\jre\lib\rt.jar;c:\Program Files\Java\jdk1.8.0_20\jre\lib\sunrsasign.jar;c:\Program Files\Java\jdk1.8.0_20\jre\lib\jsse.jar;c:\Program Files\Java\jdk1.8.0_20\jre\lib\jce.jar;c:\Program Files\Java\jdk1.8.0_20\jre\lib\charsets.jar;c:\Program Files\Java\jdk1.8.0_20\jre\lib\jfr.jar;c:\Program Files\Java\jdk1.8.0_20\jre\classes"/>
    <property name="sun.stderr.encoding" value="cp437"/>
    <property name="java.vendor" value="Oracle Corporation"/>
    <property name="maven.home" value="c:\dev\apache-maven-3.3.9"/>
    <property name="file.separator" value="\"/>
    <property name="java.vendor.url.bug" value="http://bugreport.sun.com/bugreport/"/>
    <property name="sun.cpu.endian" value="little"/>
    <property name="sun.io.unicode.encoding" value="UnicodeLittle"/>
    <property name="sun.stdout.encoding" value="cp437"/>
    <property name="sun.desktop" value="windows"/>
    <property name="sun.cpu.isalist" value="amd64"/>
  </properties>
  <testcase classname="com.apparel.service.DecisionEngineTest" name="testCase1" time="0.007"/>
  <testcase classname="com.apparel.service.DecisionEngineTest" name="testCase3" time="0"/>
  <testcase classname="com.apparel.service.DecisionEngineTest" name="testCase4" time="0"/>
  <testcase classname="com.apparel.service.DecisionEngineTest" name="testCase5" time="0.001"/>
  <testcase classname="com.apparel.service.DecisionEngineTest" name="testCase6" time="0"/>
  <testcase classname="com.apparel.service.DecisionEngineTest" name="testCase2" time="0"/>
</testsuite>